This is pdfTeX, Version 3.1415926-1.40.10 (TeX Live 2009/Debian) (format=pdflatex 2011.11.10)  26 NOV 2011 13:10
entering extended mode
 %&-line parsing enabled.
**meca.tex
(./meca.tex
LaTeX2e <2009/09/24>
Babel <v3.8l> and hyphenation patterns for english, usenglishmax, dumylang, noh
yphenation, loaded.
(/usr/share/texmf-texlive/tex/latex/base/article.cls
Document Class: article 2007/10/19 v1.4h Standard LaTeX document class
(/usr/share/texmf-texlive/tex/latex/base/size10.clo
File: size10.clo 2007/10/19 v1.4h Standard LaTeX file (size option)
)
\c@part=\count79
\c@section=\count80
\c@subsection=\count81
\c@subsubsection=\count82
\c@paragraph=\count83
\c@subparagraph=\count84
\c@figure=\count85
\c@table=\count86
\abovecaptionskip=\skip41
\belowcaptionskip=\skip42
\bibindent=\dimen102
)
(/usr/share/texmf-texlive/tex/latex/base/inputenc.sty
Package: inputenc 2008/03/30 v1.1d Input encoding file
\inpenc@prehook=\toks14
\inpenc@posthook=\toks15


! LaTeX Error: File `utf8x.def' not found.

Type X to quit or <RETURN> to proceed,
or enter new name. (Default extension: def)

Enter file name: x

 ) )
(\end occurred when \ifx on line 131 was incomplete)
(\end occurred when \ifx on line 131 was incomplete)
(\end occurred when \ifx on line 131 was incomplete)
(\end occurred when \ifx on line 131 was incomplete) 
Here is how much of TeX's memory you used:
 217 strings out of 495061
 2425 string characters out of 1182620
 46597 words of memory out of 3000000
 3481 multiletter control sequences out of 15000+50000
 3640 words of font info for 14 fonts, out of 3000000 for 9000
 28 hyphenation exceptions out of 8191
 23i,1n,19p,163b,36s stack positions out of 5000i,500n,10000p,200000b,50000s

No pages of output.
PDF statistics:
 0 PDF objects out of 1000 (max. 8388607)
 0 named destinations out of 1000 (max. 500000)
 1 words of extra memory for PDF output out of 10000 (max. 10000000)

